<?xml version="1.0" encoding="UTF-8"?>
<testsuite xmlns:xsi="http://www.w3.org/2001/XMLSchema-instance" xsi:noNamespaceSchemaLocation="https://maven.apache.org/surefire/maven-surefire-plugin/xsd/surefire-test-report.xsd" name="Ex4Test.TestEx4" time="0.125" tests="26" errors="0" skipped="0" failures="0">
  <properties>
    <property name="sun.desktop" value="windows"/>
    <property name="awt.toolkit" value="sun.awt.windows.WToolkit"/>
    <property name="java.specification.version" value="11"/>
    <property name="sun.cpu.isalist" value="amd64"/>
    <property name="sun.jnu.encoding" value="Cp1252"/>
    <property name="java.class.path" value="C:\Users\gonza\IdeaProjects\M05UF2P2\target\test-classes;C:\Users\gonza\IdeaProjects\M05UF2P2\target\classes;C:\Users\gonza\.m2\repository\org\junit\jupiter\junit-jupiter-engine\5.5.2\junit-jupiter-engine-5.5.2.jar;C:\Users\gonza\.m2\repository\org\apiguardian\apiguardian-api\1.1.0\apiguardian-api-1.1.0.jar;C:\Users\gonza\.m2\repository\org\junit\platform\junit-platform-engine\1.5.2\junit-platform-engine-1.5.2.jar;C:\Users\gonza\.m2\repository\org\opentest4j\opentest4j\1.2.0\opentest4j-1.2.0.jar;C:\Users\gonza\.m2\repository\org\junit\platform\junit-platform-commons\1.5.2\junit-platform-commons-1.5.2.jar;C:\Users\gonza\.m2\repository\org\junit\jupiter\junit-jupiter-api\5.5.2\junit-jupiter-api-5.5.2.jar;C:\Users\gonza\.m2\repository\org\junit\jupiter\junit-jupiter-params\5.5.2\junit-jupiter-params-5.5.2.jar;"/>
    <property name="java.vm.vendor" value="Amazon.com Inc."/>
    <property name="sun.arch.data.model" value="64"/>
    <property name="user.variant" value=""/>
    <property name="java.vendor.url" value="https://aws.amazon.com/corretto/"/>
    <property name="user.timezone" value="Europe/Paris"/>
    <property name="java.vm.specification.version" value="11"/>
    <property name="os.name" value="Windows 10"/>
    <property name="sun.java.launcher" value="SUN_STANDARD"/>
    <property name="user.country" value="ES"/>
    <property name="sun.boot.library.path" value="C:\Users\gonza\.jdks\corretto-11.0.18\bin"/>
    <property name="sun.java.command" value="C:\Users\gonza\AppData\Local\Temp\surefire8308553274771832265\surefirebooter6498278579443716892.jar C:\Users\gonza\AppData\Local\Temp\surefire8308553274771832265 2023-02-26T10-59-36_299-jvmRun1 surefire16678910662007012517tmp surefire_013163423523153916125tmp"/>
    <property name="jdk.debug" value="release"/>
    <property name="surefire.test.class.path" value="C:\Users\gonza\IdeaProjects\M05UF2P2\target\test-classes;C:\Users\gonza\IdeaProjects\M05UF2P2\target\classes;C:\Users\gonza\.m2\repository\org\junit\jupiter\junit-jupiter-engine\5.5.2\junit-jupiter-engine-5.5.2.jar;C:\Users\gonza\.m2\repository\org\apiguardian\apiguardian-api\1.1.0\apiguardian-api-1.1.0.jar;C:\Users\gonza\.m2\repository\org\junit\platform\junit-platform-engine\1.5.2\junit-platform-engine-1.5.2.jar;C:\Users\gonza\.m2\repository\org\opentest4j\opentest4j\1.2.0\opentest4j-1.2.0.jar;C:\Users\gonza\.m2\repository\org\junit\platform\junit-platform-commons\1.5.2\junit-platform-commons-1.5.2.jar;C:\Users\gonza\.m2\repository\org\junit\jupiter\junit-jupiter-api\5.5.2\junit-jupiter-api-5.5.2.jar;C:\Users\gonza\.m2\repository\org\junit\jupiter\junit-jupiter-params\5.5.2\junit-jupiter-params-5.5.2.jar;"/>
    <property name="sun.cpu.endian" value="little"/>
    <property name="user.home" value="C:\Users\gonza"/>
    <property name="user.language" value="es"/>
    <property name="java.specification.vendor" value="Oracle Corporation"/>
    <property name="java.version.date" value="2023-01-17"/>
    <property name="java.home" value="C:\Users\gonza\.jdks\corretto-11.0.18"/>
    <property name="file.separator" value="\"/>
    <property name="basedir" value="C:\Users\gonza\IdeaProjects\M05UF2P2"/>
    <property name="java.vm.compressedOopsMode" value="32-bit"/>
    <property name="line.separator" value="&#10;"/>
    <property name="java.specification.name" value="Java Platform API Specification"/>
    <property name="java.vm.specification.vendor" value="Oracle Corporation"/>
    <property name="java.awt.graphicsenv" value="sun.awt.Win32GraphicsEnvironment"/>
    <property name="surefire.real.class.path" value="C:\Users\gonza\AppData\Local\Temp\surefire8308553274771832265\surefirebooter6498278579443716892.jar"/>
    <property name="user.script" value=""/>
    <property name="sun.management.compiler" value="HotSpot 64-Bit Tiered Compilers"/>
    <property name="java.runtime.version" value="11.0.18+10-LTS"/>
    <property name="user.name" value="Asier"/>
    <property name="path.separator" value=";"/>
    <property name="os.version" value="10.0"/>
    <property name="java.runtime.name" value="OpenJDK Runtime Environment"/>
    <property name="file.encoding" value="Cp1252"/>
    <property name="java.vm.name" value="OpenJDK 64-Bit Server VM"/>
    <property name="java.vendor.version" value="Corretto-11.0.18.10.1"/>
    <property name="localRepository" value="C:\Users\gonza\.m2\repository"/>
    <property name="java.vendor.url.bug" value="https://github.com/corretto/corretto-11/issues/"/>
    <property name="java.io.tmpdir" value="C:\Users\gonza\AppData\Local\Temp\"/>
    <property name="idea.version" value="2022.3.2"/>
    <property name="java.version" value="11.0.18"/>
    <property name="user.dir" value="C:\Users\gonza\IdeaProjects\M05UF2P2"/>
    <property name="os.arch" value="amd64"/>
    <property name="java.vm.specification.name" value="Java Virtual Machine Specification"/>
    <property name="java.awt.printerjob" value="sun.awt.windows.WPrinterJob"/>
    <property name="sun.os.patch.level" value=""/>
    <property name="java.library.path" value="C:\Users\gonza\.jdks\corretto-11.0.18\bin;C:\Windows\Sun\Java\bin;C:\Windows\system32;C:\Windows;C:\Program Files\Common Files\Oracle\Java\javapath;C:\Program Files (x86)\Common Files\Oracle\Java\javapath;C:\Windows\system32;C:\Windows;C:\Windows\System32\Wbem;C:\Windows\System32\WindowsPowerShell\v1.0\;C:\Users\gonza\AppData\Local\Microsoft\WindowsApps;C:\Users\gonza\AppData\Local\Programs\Microsoft VS Code\bin;."/>
    <property name="java.vm.info" value="mixed mode"/>
    <property name="java.vendor" value="Amazon.com Inc."/>
    <property name="java.vm.version" value="11.0.18+10-LTS"/>
    <property name="sun.io.unicode.encoding" value="UnicodeLittle"/>
    <property name="java.class.version" value="55.0"/>
  </properties>
  <testcase name="Drop_Elemento_Con_Colision_3a_Posicion" classname="Ex4Test.TestEx4" time="0"/>
  <testcase name="Drop_Elemento_No_Existe" classname="Ex4Test.TestEx4" time="0.002"/>
  <testcase name="Actualizar_Elemento_Con_Dos_Colisiones" classname="Ex4Test.TestEx4" time="0.001"/>
  <testcase name="PUT_Con_Una_Colision" classname="Ex4Test.TestEx4" time="0.003"/>
  <testcase name="Drop_Elemento_No_Existe_Posicion_Ocupada_Por_Otra_No_Colisiona" classname="Ex4Test.TestEx4" time="0.001"/>
  <testcase name="Actualizar_Elemento_Sin_Colision" classname="Ex4Test.TestEx4" time="0.001"/>
  <testcase name="Actualizar_Elemento_Con_Colision" classname="Ex4Test.TestEx4" time="0.001"/>
  <testcase name="Get_Sin_Colision_Tabla_Vacia" classname="Ex4Test.TestEx4" time="0.002"/>
  <testcase name="PUT_Con_Dos_Colision" classname="Ex4Test.TestEx4" time="0"/>
  <testcase name="Drop_Elemento_Con_Colision_2a_Posicion" classname="Ex4Test.TestEx4" time="0.011"/>
  <testcase name="Get_Elemento_No_Existente_En_Posicion_Ocupada_Sin_Colisionar" classname="Ex4Test.TestEx4" time="0.003"/>
  <testcase name="Get_Con_Colision_3a_posicion_mismo_bucket" classname="Ex4Test.TestEx4" time="0.006"/>
  <testcase name="Get_Con_Colision_2a_posicion_mismo_bucket" classname="Ex4Test.TestEx4" time="0.004"/>
  <testcase name="Get_Con_Colision_1a_posicion_mismo_bucket" classname="Ex4Test.TestEx4" time="0.001"/>
  <testcase name="Actualizar_Elemento_Con_Tres_Colisiones" classname="Ex4Test.TestEx4" time="0.001"/>
  <testcase name="Get_Elemento_No_Existente_En_Posicion_Ocupada_Con_3_Elementos_Colisionando" classname="Ex4Test.TestEx4" time="0.001"/>
  <testcase name="Get_Elemento_No_Existente" classname="Ex4Test.TestEx4" time="0.002"/>
  <testcase name="Drop_Elemento_No_Existe_Posicion_Ocupada_Por_3_Elementos_Colisionants" classname="Ex4Test.TestEx4" time="0.001"/>
  <testcase name="Drop_Elemento_Sin_Colision" classname="Ex4Test.TestEx4" time="0"/>
  <testcase name="Drop_Elemento_Con_Colision_1a_Posicion" classname="Ex4Test.TestEx4" time="0"/>
  <testcase name="PUT_En_Lleno{String, String, String, String}[1]" classname="Ex4Test.TestEx4" time="0.005"/>
  <testcase name="PUT_En_Lleno{String, String, String, String}[2]" classname="Ex4Test.TestEx4" time="0.002"/>
  <testcase name="PUT_En_Vacia{String, String}[1]" classname="Ex4Test.TestEx4" time="0.007"/>
  <testcase name="PUT_En_Vacia{String, String}[2]" classname="Ex4Test.TestEx4" time="0.001"/>
  <testcase name="PUT_En_Vacia{String, String}[3]" classname="Ex4Test.TestEx4" time="0.002"/>
  <testcase name="PUT_En_Vacia{String, String}[4]" classname="Ex4Test.TestEx4" time="0.002"/>
</testsuite>